<?xml version="1.0" encoding="UTF-8"?>
<!-- Generated by org.testng.reporters.JUnitReportReporter -->
<testsuite hostname="DESKTOP-EP300T1" failures="0" tests="1" name="testcase.TC004_LogInWithPhoneNo" time="52.222" errors="0" timestamp="2023-12-28T12:44:03 IST" skipped="0">
  <testcase classname="testcase.TC004_LogInWithPhoneNo" name="logInTestWithPhone" time="52.222"/>
  <system-out/>
</testsuite> <!-- testcase.TC004_LogInWithPhoneNo -->
