<?xml version="1.0" encoding="UTF-8"?>
<!-- Generated by org.testng.reporters.JUnitReportReporter -->
<testsuite hostname="DESKTOP-EP300T1" failures="0" tests="1" name="testcase.TC010_LogOut" time="184.258" errors="0" timestamp="2023-12-28T12:44:04 IST" skipped="0">
  <testcase classname="testcase.TC010_LogOut" name="logoutTest" time="184.258"/>
  <system-out/>
</testsuite> <!-- testcase.TC010_LogOut -->
