<?xml version="1.0" encoding="UTF-8"?>
<!-- Generated by org.testng.reporters.JUnitReportReporter -->
<testsuite hostname="DESKTOP-EP300T1" failures="0" tests="1" name="testcase.TC007_CheckIn" time="42.282" errors="0" timestamp="2023-12-28T12:44:03 IST" skipped="0">
  <testcase classname="testcase.TC007_CheckIn" name="checkInTest" time="42.282"/>
  <system-out/>
</testsuite> <!-- testcase.TC007_CheckIn -->
