<?xml version="1.0" encoding="UTF-8"?>
<!-- Generated by org.testng.reporters.JUnitReportReporter -->
<testsuite hostname="DESKTOP-EP300T1" failures="0" tests="1" name="testcase.TC011_ForgetPassWord" time="33.734" errors="0" timestamp="2023-12-28T12:44:02 IST" skipped="0">
  <testcase classname="testcase.TC011_ForgetPassWord" name="forgetPasswordTest" time="33.734"/>
  <system-out/>
</testsuite> <!-- testcase.TC011_ForgetPassWord -->
